<?xml version="1.0" encoding="UTF-8"?>
<!-- Generated by org.testng.reporters.JUnitXMLReporter -->
<testsuite ignored="0" hostname="sham" failures="0" tests="3" name="Default test" time="0.124" errors="0" timestamp="2023-12-25T14:55:07 IST">
  <testcase classname="com.simplilearn.tdd.E_learning.TrainingTest" name="test1" time="0.012"/>
  <testcase classname="com.simplilearn.tdd.E_learning.TrainingTest" name="test2" time="0.001"/>
  <testcase classname="com.simplilearn.tdd.E_learning.TrainingTest" name="test3" time="0.002"/>
</testsuite> <!-- Default test -->
