<?xml version="1.0" encoding="UTF-8"?>
<testng-results ignored="0" total="3" passed="3" failed="0" skipped="0">
  <reporter-output>
  </reporter-output>
  <suite started-at="2023-12-25T14:55:07 IST" name="Default suite" finished-at="2023-12-25T14:55:07 IST" duration-ms="124">
    <groups>
    </groups>
    <test started-at="2023-12-25T14:55:07 IST" name="Default test" finished-at="2023-12-25T14:55:07 IST" duration-ms="124">
      <class name="com.simplilearn.tdd.E_learning.TrainingTest">
        <test-method is-config="true" signature="setup()[pri:0, instance:com.simplilearn.tdd.E_learning.TrainingTest@1ed6388a]" started-at="2023-12-25T14:55:07 IST" name="setup" finished-at="2023-12-25T14:55:07 IST" duration-ms="23" status="PASS">
          <reporter-output>
          </reporter-output>
        </test-method> <!-- setup -->
        <test-method signature="test1()[pri:0, instance:com.simplilearn.tdd.E_learning.TrainingTest@1ed6388a]" started-at="2023-12-25T14:55:07 IST" name="test1" finished-at="2023-12-25T14:55:07 IST" duration-ms="12" status="PASS">
          <reporter-output>
          </reporter-output>
        </test-method> <!-- test1 -->
        <test-method signature="test2()[pri:0, instance:com.simplilearn.tdd.E_learning.TrainingTest@1ed6388a]" started-at="2023-12-25T14:55:07 IST" name="test2" finished-at="2023-12-25T14:55:07 IST" duration-ms="1" status="PASS">
          <reporter-output>
          </reporter-output>
        </test-method> <!-- test2 -->
        <test-method signature="test3()[pri:0, instance:com.simplilearn.tdd.E_learning.TrainingTest@1ed6388a]" started-at="2023-12-25T14:55:07 IST" name="test3" finished-at="2023-12-25T14:55:07 IST" duration-ms="2" status="PASS">
          <reporter-output>
          </reporter-output>
        </test-method> <!-- test3 -->
        <test-method is-config="true" signature="cleanUP()[pri:0, instance:com.simplilearn.tdd.E_learning.TrainingTest@1ed6388a]" started-at="2023-12-25T14:55:07 IST" name="cleanUP" finished-at="2023-12-25T14:55:07 IST" duration-ms="0" status="PASS">
          <reporter-output>
          </reporter-output>
        </test-method> <!-- cleanUP -->
      </class> <!-- com.simplilearn.tdd.E_learning.TrainingTest -->
    </test> <!-- Default test -->
  </suite> <!-- Default suite -->
</testng-results>
